Script started on 2025-03-06 20:13:06+03:00 [COMMAND="./logger-lb2.sh" TERM="xterm-256color" TTY="/dev/pts/2" COLUMNS="116" LINES="40"]
=================================================================
                   ОТЧЁТ ПО ЛАБОРАТОРНОЙ РАБОТЕ
=================================================================
Дата исполнения отчёта: 2025-03-06 20:13:06
Идентификация исполнителя: root
Группа: 3343
ФИО: Гребнев Егор Дмитриевич
-----------------------------------------------------------------

[2025-03-06 20:13:06] ПРОФИЛЬ СИСТЕМЫ

[2025-03-06 20:13:06] >>> Информация о процессоре (lscpu) <<<
----------------------------------------
Architecture:                         x86_64
CPU op-mode(s):                       32-bit, 64-bit
Address sizes:                        48 bits physical, 48 bits virtual
Byte Order:                           Little Endian
CPU(s):                               6
On-line CPU(s) list:                  0-5
Vendor ID:                            AuthenticAMD
Model name:                           AMD Ryzen 5 5600H with Radeon Graphics
BIOS Model name:                        CPU @ 0.0GHz
BIOS CPU family:                      0
CPU family:                           25
Model:                                80
Thread(s) per core:                   1
Core(s) per socket:                   6
Socket(s):                            1
Stepping:                             0
BogoMIPS:                             6608.11
Flags:                                fpu vme de pse tsc msr pae mce cx8 apic sep mtrr pge mca cmov pat pse36 clflush mmx fxsr sse sse2 ht syscall nx mmxext fxsr_opt rdtscp lm constant_tsc rep_good nopl nonstop_tsc cpuid extd_apicid pni pclmulqdq ssse3 cx16 sse4_1 sse4_2 movbe popcnt aes rdrand lahf_lm cmp_legacy cr8_legacy abm sse4a misalignsse 3dnowprefetch cpb vmmcall fsgsbase bmi1 bmi2 invpcid rdseed adx clflushopt sha_ni arat
Hypervisor vendor:                    Innotek GmbH
Virtualization type:                  full
L1d cache:                            192 KiB (6 instances)
L1i cache:                            192 KiB (6 instances)
L2 cache:                             3 MiB (6 instances)
L3 cache:                             96 MiB (6 instances)
NUMA node(s):                         1
NUMA node0 CPU(s):                    0-5
Vulnerability Gather data sampling:   Not affected
Vulnerability Itlb multihit:          Not affected
Vulnerability L1tf:                   Not affected
Vulnerability Mds:                    Not affected
Vulnerability Meltdown:               Not affected
Vulnerability Mmio stale data:        Not affected
Vulnerability Reg file data sampling: Not affected
Vulnerability Retbleed:               Not affected
Vulnerability Spec rstack overflow:   Mitigation; safe RET
Vulnerability Spec store bypass:      Not affected
Vulnerability Spectre v1:             Mitigation; usercopy/swapgs barriers and __user pointer sanitization
Vulnerability Spectre v2:             Mitigation; Retpolines; STIBP disabled; RSB filling; PBRSB-eIBRS Not affected; BHI Not affected
Vulnerability Srbds:                  Not affected
Vulnerability Tsx async abort:        Not affected
----------------------------------------

[2025-03-06 20:13:06] >>> Информация о памяти (free -h) <<<
----------------------------------------
               total        used        free      shared  buff/cache   available
Mem:            10Gi       1.5Gi       8.1Gi        29Mi       970Mi       8.8Gi
Swap:          974Mi          0B       974Mi
----------------------------------------

[2025-03-06 20:13:06] >>> Информация о дисках (lsblk) <<<
----------------------------------------
NAME   MAJ:MIN RM  SIZE RO TYPE MOUNTPOINTS
sda      8:0    0 39.1G  0 disk 
├─sda1   8:1    0   19G  0 part /
├─sda2   8:2    0    1K  0 part 
└─sda5   8:5    0  975M  0 part [SWAP]
sr0     11:0    1 57.4M  0 rom  
----------------------------------------

[2025-03-06 20:13:06] >>> Информация о сетевых интерфейсах (ip a) <<<
----------------------------------------
1: lo: <LOOPBACK,UP,LOWER_UP> mtu 65536 qdisc noqueue state UNKNOWN group default qlen 1000
    link/loopback 00:00:00:00:00:00 brd 00:00:00:00:00:00
    inet 127.0.0.1/8 scope host lo
       valid_lft forever preferred_lft forever
    inet6 ::1/128 scope host noprefixroute 
       valid_lft forever preferred_lft forever
2: enp0s3: <BROADCAST,MULTICAST,UP,LOWER_UP> mtu 1500 qdisc fq_codel state UP group default qlen 1000
    link/ether 08:00:27:56:3d:72 brd ff:ff:ff:ff:ff:ff
    inet 10.0.2.15/24 brd 10.0.2.255 scope global dynamic noprefixroute enp0s3
       valid_lft 72243sec preferred_lft 72243sec
    inet6 fd00::a0c2:7407:49e2:781e/64 scope global temporary dynamic 
       valid_lft 86233sec preferred_lft 14233sec
    inet6 fd00::a00:27ff:fe56:3d72/64 scope global dynamic mngtmpaddr noprefixroute 
       valid_lft 86233sec preferred_lft 14233sec
    inet6 fe80::a00:27ff:fe56:3d72/64 scope link noprefixroute 
       valid_lft forever preferred_lft forever
3: br-08f56c2c6cce: <NO-CARRIER,BROADCAST,MULTICAST,UP> mtu 1500 qdisc noqueue state DOWN group default 
    link/ether 02:42:71:3e:c8:d1 brd ff:ff:ff:ff:ff:ff
    inet 172.18.0.1/16 brd 172.18.255.255 scope global br-08f56c2c6cce
       valid_lft forever preferred_lft forever
4: docker0: <NO-CARRIER,BROADCAST,MULTICAST,UP> mtu 1500 qdisc noqueue state DOWN group default 
    link/ether 02:42:c2:12:1a:67 brd ff:ff:ff:ff:ff:ff
    inet 172.17.0.1/16 brd 172.17.255.255 scope global docker0
       valid_lft forever preferred_lft forever
----------------------------------------

[2025-03-06 20:13:06] ИДЕНТИФИКАЦИЯ ВИРТУАЛЬНОЙ МАШИНЫ

[2025-03-06 20:13:06] Система запущена в виртуальной машине.

[2025-03-06 20:13:06] Тип виртуализации: oracle

-----------------------------------------------------------------

[2025-03-06 20:13:06] ИДЕНТИФИКАЦИЯ/ОПИСАНИЕ ОС

[2025-03-06 20:13:06] >>> Информация о ядре (uname -a) <<<
----------------------------------------
Linux ASPIRIN 6.1.0-31-amd64 #1 SMP PREEMPT_DYNAMIC Debian 6.1.128-1 (2025-02-07) x86_64 GNU/Linux
----------------------------------------

[2025-03-06 20:13:06] >>> Информация о версии ОС (lsb_release -a) <<<
----------------------------------------
Distributor ID:	Debian
Description:	Debian GNU/Linux 12 (bookworm)
Release:	12
Codename:	bookworm
----------------------------------------

-----------------------------------------------------------------

[2025-03-06 20:13:06] НАЧАЛО ВЫПОЛНЕНИЯ ЗАДАНИЙ

[2025-03-06 20:13:06] ВЫПОЛНЕНИЕ ЗАДАНИЯ 2.4

[2025-03-06 20:13:06] >>> Выполнение команды: ./lb2/task-runner.sh ./lb2/2/2.4 2.4-a.c 2.4-b.c 2.4-c.c --run 2.4-a <<<
----------------------------------------
Файл 2.4-a.c успешно скомпилирован в 2.4-a
Файл 2.4-b.c успешно скомпилирован в 2.4-b
Файл 2.4-c.c успешно скомпилирован в 2.4-c
Запуск файла 2.4-a...
Процессы до создания процесса-сына:
    PID TTY      STAT   TIME COMMAND
   7450 pts/1    T      0:00 sudo yes
  10576 pts/0    S+     0:00 sudo ./start.sh
  10577 pts/2    Ss     0:00  \_ sudo ./start.sh
  10578 pts/2    S+     0:00      \_ sh ./start.sh
  10582 pts/2    S+     0:00          \_ /bin/bash ./logger-lb2.sh
  10584 pts/2    S+     0:00              \_ script -a -q -c ./logger-lb2.sh lab_report_2025-03-06_20-13-06.log
  10585 pts/3    Ss+    0:00                  \_ /bin/bash ./logger-lb2.sh
  10627 pts/3    S+     0:00                      \_ /bin/bash ./lb2/task-runner.sh ./lb2/2/2.4 2.4-a.c 2.4-b.c 2.4-c.c --run 2.4-a
  10643 pts/3    S+     0:00                          \_ ./2.4-a
  10644 pts/3    S+     0:00                              \_ sh -c ps -H f
  10645 pts/3    R+     0:00                                  \_ ps -H f
Процесс-отец: PID = 10643, PID сына = 10646
Процессы после создания процесса-сына, но до его завершения:
Процесс-сын: PID = 10646
    PID TTY      STAT   TIME COMMAND
   7450 pts/1    T      0:00 sudo yes
  10576 pts/0    S+     0:00 sudo ./start.sh
  10577 pts/2    Ss     0:00  \_ sudo ./start.sh
  10578 pts/2    S+     0:00      \_ sh ./start.sh
  10582 pts/2    S+     0:00          \_ /bin/bash ./logger-lb2.sh
  10584 pts/2    S+     0:00              \_ script -a -q -c ./logger-lb2.sh lab_report_2025-03-06_20-13-06.log
  10585 pts/3    Ss+    0:00                  \_ /bin/bash ./logger-lb2.sh
  10627 pts/3    S+     0:00                      \_ /bin/bash ./lb2/task-runner.sh ./lb2/2/2.4 2.4-a.c 2.4-b.c 2.4-c.c --run 2.4-a
  10643 pts/3    S+     0:00                          \_ ./2.4-a
  10646 pts/3    S+     0:00                              \_ ./2.4-a
  10647 pts/3    S+     0:00                              \_ sh -c ps -H f
  10648 pts/3    R+     0:00                                  \_ ps -H f
Процесс-сын завершен
Процессы после завершения процесса-сына:
    PID TTY      STAT   TIME COMMAND
   7450 pts/1    T      0:00 sudo yes
  10576 pts/0    S+     0:00 sudo ./start.sh
  10577 pts/2    Ss     0:00  \_ sudo ./start.sh
  10578 pts/2    S+     0:00      \_ sh ./start.sh
  10582 pts/2    S+     0:00          \_ /bin/bash ./logger-lb2.sh
  10584 pts/2    S+     0:00              \_ script -a -q -c ./logger-lb2.sh lab_report_2025-03-06_20-13-06.log
  10585 pts/3    Ss+    0:00                  \_ /bin/bash ./logger-lb2.sh
  10627 pts/3    S+     0:00                      \_ /bin/bash ./lb2/task-runner.sh ./lb2/2/2.4 2.4-a.c 2.4-b.c 2.4-c.c --run 2.4-a
  10643 pts/3    S+     0:00                          \_ ./2.4-a
  10650 pts/3    S+     0:00                              \_ sh -c ps -H f
  10651 pts/3    R+     0:00                                  \_ ps -H f
Процесс-сын завершился с кодом: 0
Процесс-отец завершен
Файл 2.4-a успешно выполнен
Файл 2.4-a удалён
Файл 2.4-b удалён
Файл 2.4-c удалён
----------------------------------------

[2025-03-06 20:13:09] Время выполнения задания 2.4: 3 секунд.

[2025-03-06 20:13:09] Общее время выполнения скрипта: 3 секунд.
=================================================================
                      ОТЧЁТ ЗАВЕРШЁН
=================================================================

[2025-03-06 20:13:09] Основной отчёт сохранён в файл: lab_report_2025-03-06_20-13-06.log

Script done on 2025-03-06 20:13:09+03:00 [COMMAND_EXIT_CODE="0"]
