Script started on 2025-03-06 16:13:35+03:00 [COMMAND="./logger-lb2.sh" TERM="xterm-256color" TTY="/dev/pts/2" COLUMNS="211" LINES="40"]
=================================================================
                   ОТЧЁТ ПО ЛАБОРАТОРНОЙ РАБОТЕ
=================================================================
Дата исполнения отчёта: 2025-03-06 16:13:35
Идентификация исполнителя: root
Группа: 3343
ФИО: Гребнев Егор Дмитриевич
-----------------------------------------------------------------

[2025-03-06 16:13:35] ПРОФИЛЬ СИСТЕМЫ

[2025-03-06 16:13:35] >>> Информация о процессоре (lscpu) <<<
----------------------------------------
Architecture:                         x86_64
CPU op-mode(s):                       32-bit, 64-bit
Address sizes:                        48 bits physical, 48 bits virtual
Byte Order:                           Little Endian
CPU(s):                               6
On-line CPU(s) list:                  0-5
Vendor ID:                            AuthenticAMD
Model name:                           AMD Ryzen 5 5600H with Radeon Graphics
BIOS Model name:                        CPU @ 0.0GHz
BIOS CPU family:                      0
CPU family:                           25
Model:                                80
Thread(s) per core:                   1
Core(s) per socket:                   6
Socket(s):                            1
Stepping:                             0
BogoMIPS:                             6608.11
Flags:                                fpu vme de pse tsc msr pae mce cx8 apic sep mtrr pge mca cmov pat pse36 clflush mmx fxsr sse sse2 ht syscall nx mmxext fxsr_opt rdtscp lm constant_tsc rep_good nopl nonstop_tsc cpuid extd_apicid pni pclmulqdq ssse3 cx16 sse4_1 sse4_2 movbe popcnt aes rdrand lahf_lm cmp_legacy cr8_legacy abm sse4a misalignsse 3dnowprefetch cpb vmmcall fsgsbase bmi1 bmi2 invpcid rdseed adx clflushopt sha_ni arat
Hypervisor vendor:                    Innotek GmbH
Virtualization type:                  full
L1d cache:                            192 KiB (6 instances)
L1i cache:                            192 KiB (6 instances)
L2 cache:                             3 MiB (6 instances)
L3 cache:                             96 MiB (6 instances)
NUMA node(s):                         1
NUMA node0 CPU(s):                    0-5
Vulnerability Gather data sampling:   Not affected
Vulnerability Itlb multihit:          Not affected
Vulnerability L1tf:                   Not affected
Vulnerability Mds:                    Not affected
Vulnerability Meltdown:               Not affected
Vulnerability Mmio stale data:        Not affected
Vulnerability Reg file data sampling: Not affected
Vulnerability Retbleed:               Not affected
Vulnerability Spec rstack overflow:   Mitigation; safe RET
Vulnerability Spec store bypass:      Not affected
Vulnerability Spectre v1:             Mitigation; usercopy/swapgs barriers and __user pointer sanitization
Vulnerability Spectre v2:             Mitigation; Retpolines; STIBP disabled; RSB filling; PBRSB-eIBRS Not affected; BHI Not affected
Vulnerability Srbds:                  Not affected
Vulnerability Tsx async abort:        Not affected
----------------------------------------

[2025-03-06 16:13:35] >>> Информация о памяти (free -h) <<<
----------------------------------------
               total        used        free      shared  buff/cache   available
Mem:            10Gi       1.4Gi       8.3Gi        29Mi       918Mi       8.9Gi
Swap:          974Mi          0B       974Mi
----------------------------------------

[2025-03-06 16:13:35] >>> Информация о дисках (lsblk) <<<
----------------------------------------
NAME   MAJ:MIN RM  SIZE RO TYPE MOUNTPOINTS
sda      8:0    0 39.1G  0 disk 
├─sda1   8:1    0   19G  0 part /
├─sda2   8:2    0    1K  0 part 
└─sda5   8:5    0  975M  0 part [SWAP]
sr0     11:0    1 57.4M  0 rom  
----------------------------------------

[2025-03-06 16:13:35] >>> Информация о сетевых интерфейсах (ip a) <<<
----------------------------------------
1: lo: <LOOPBACK,UP,LOWER_UP> mtu 65536 qdisc noqueue state UNKNOWN group default qlen 1000
    link/loopback 00:00:00:00:00:00 brd 00:00:00:00:00:00
    inet 127.0.0.1/8 scope host lo
       valid_lft forever preferred_lft forever
    inet6 ::1/128 scope host noprefixroute 
       valid_lft forever preferred_lft forever
2: enp0s3: <BROADCAST,MULTICAST,UP,LOWER_UP> mtu 1500 qdisc fq_codel state UP group default qlen 1000
    link/ether 08:00:27:56:3d:72 brd ff:ff:ff:ff:ff:ff
    inet 10.0.2.15/24 brd 10.0.2.255 scope global dynamic noprefixroute enp0s3
       valid_lft 83968sec preferred_lft 83968sec
    inet6 fd00::a0c2:7407:49e2:781e/64 scope global temporary dynamic 
       valid_lft 86161sec preferred_lft 14161sec
    inet6 fd00::a00:27ff:fe56:3d72/64 scope global dynamic mngtmpaddr noprefixroute 
       valid_lft 86161sec preferred_lft 14161sec
    inet6 fe80::a00:27ff:fe56:3d72/64 scope link noprefixroute 
       valid_lft forever preferred_lft forever
3: br-08f56c2c6cce: <NO-CARRIER,BROADCAST,MULTICAST,UP> mtu 1500 qdisc noqueue state DOWN group default 
    link/ether 02:42:71:3e:c8:d1 brd ff:ff:ff:ff:ff:ff
    inet 172.18.0.1/16 brd 172.18.255.255 scope global br-08f56c2c6cce
       valid_lft forever preferred_lft forever
4: docker0: <NO-CARRIER,BROADCAST,MULTICAST,UP> mtu 1500 qdisc noqueue state DOWN group default 
    link/ether 02:42:c2:12:1a:67 brd ff:ff:ff:ff:ff:ff
    inet 172.17.0.1/16 brd 172.17.255.255 scope global docker0
       valid_lft forever preferred_lft forever
----------------------------------------

[2025-03-06 16:13:35] ИДЕНТИФИКАЦИЯ ВИРТУАЛЬНОЙ МАШИНЫ

[2025-03-06 16:13:35] Система запущена в виртуальной машине.

[2025-03-06 16:13:35] Тип виртуализации: oracle

-----------------------------------------------------------------

[2025-03-06 16:13:35] ИДЕНТИФИКАЦИЯ/ОПИСАНИЕ ОС

[2025-03-06 16:13:35] >>> Информация о ядре (uname -a) <<<
----------------------------------------
Linux ASPIRIN 6.1.0-31-amd64 #1 SMP PREEMPT_DYNAMIC Debian 6.1.128-1 (2025-02-07) x86_64 GNU/Linux
----------------------------------------

[2025-03-06 16:13:35] >>> Информация о версии ОС (lsb_release -a) <<<
----------------------------------------
Distributor ID:	Debian
Description:	Debian GNU/Linux 12 (bookworm)
Release:	12
Codename:	bookworm
----------------------------------------

-----------------------------------------------------------------

[2025-03-06 16:13:35] НАЧАЛО ВЫПОЛНЕНИЯ ЗАДАНИЙ

[2025-03-06 16:13:35] ВЫПОЛНЕНИЕ ЗАДАНИЯ 2.3

[2025-03-06 16:13:35] >>> Выполнение команды: ./lb2/task-runner.sh ./lb2/2/2.3 2.3.c --run 2.3 <<<
----------------------------------------
Файл 2.3.c успешно скомпилирован в 2.3
Запуск файла 2.3...
Демонстрация работы различных функций exec():

Запуск execl:
Дочерний процесс [5626] запускает execl...
total 36
drwxr-xr-x 2 lotos lotos  4096 Mar  6 16:13 .
drwxr-xr-x 6 lotos lotos  4096 Mar  6 13:02 ..
-rwxr-xr-x 1 root  root  16896 Mar  6 16:13 2.3
-rw-r--r-- 1 lotos lotos  4957 Mar  6 16:12 2.3.c

Запуск execlp:
Дочерний процесс [5627] запускает execlp...
total 36
drwxr-xr-x 2 lotos lotos  4096 Mar  6 16:13 .
drwxr-xr-x 6 lotos lotos  4096 Mar  6 13:02 ..
-rwxr-xr-x 1 root  root  16896 Mar  6 16:13 2.3
-rw-r--r-- 1 lotos lotos  4957 Mar  6 16:12 2.3.c

Запуск execle (с пользовательским окружением):
Дочерний процесс [5628] запускает execle (с пользовательским окружением)...
total 36
drwxr-xr-x 2 lotos lotos  4096 Mar  6 16:13 .
drwxr-xr-x 6 lotos lotos  4096 Mar  6 13:02 ..
-rwxr-xr-x 1 root  root  16896 Mar  6 16:13 2.3
-rw-r--r-- 1 lotos lotos  4957 Mar  6 16:12 2.3.c

Запуск execv:
Дочерний процесс [5629] запускает execv...
total 36
drwxr-xr-x 2 lotos lotos  4096 Mar  6 16:13 .
drwxr-xr-x 6 lotos lotos  4096 Mar  6 13:02 ..
-rwxr-xr-x 1 root  root  16896 Mar  6 16:13 2.3
-rw-r--r-- 1 lotos lotos  4957 Mar  6 16:12 2.3.c

Запуск execvp:
Дочерний процесс [5630] запускает execvp...
total 36
drwxr-xr-x 2 lotos lotos  4096 Mar  6 16:13 .
drwxr-xr-x 6 lotos lotos  4096 Mar  6 13:02 ..
-rwxr-xr-x 1 root  root  16896 Mar  6 16:13 2.3
-rw-r--r-- 1 lotos lotos  4957 Mar  6 16:12 2.3.c

Запуск execve (с пользовательским окружением):
Дочерний процесс [5631] запускает execve (с пользовательским окружением)...
total 36
drwxr-xr-x 2 lotos lotos  4096 Mar  6 16:13 .
drwxr-xr-x 6 lotos lotos  4096 Mar  6 13:02 ..
-rwxr-xr-x 1 root  root  16896 Mar  6 16:13 2.3
-rw-r--r-- 1 lotos lotos  4957 Mar  6 16:12 2.3.c

Все дочерние процессы завершены.
Файл 2.3 успешно выполнен
Файл 2.3 удалён
----------------------------------------

[2025-03-06 16:13:35] Время выполнения задания 2.3: 0 секунд.

[2025-03-06 16:13:35] Общее время выполнения скрипта: 0 секунд.
=================================================================
                      ОТЧЁТ ЗАВЕРШЁН
=================================================================

[2025-03-06 16:13:35] Основной отчёт сохранён в файл: lab_report_2025-03-06_16-13-35.log

Script done on 2025-03-06 16:13:35+03:00 [COMMAND_EXIT_CODE="0"]
