Script started on 2025-02-23 00:48:22+03:00 [COMMAND="./logger.sh" TERM="xterm-256color" TTY="/dev/pts/1" COLUMNS="177" LINES="58"]
Дата исполнения отчёта: 2025-02-23 00:48:22
Идентификация исполнителя: root
Группа: 3343
ФИО: Гребнев Егор Дмитриевич
-----------------------------------------------------------------
[2025-02-23 00:48:22] ПРОФИЛЬ СИСТЕМЫ
[2025-02-23 00:48:22] >>> Информация о процессоре (lscpu) <<<
----------------------------------------
Architecture:                         x86_64
CPU op-mode(s):                       32-bit, 64-bit
Address sizes:                        48 bits physical, 48 bits virtual
Byte Order:                           Little Endian
CPU(s):                               4
On-line CPU(s) list:                  0-3
Vendor ID:                            AuthenticAMD
Model name:                           AMD Ryzen 5 3600 6-Core Processor
BIOS Model name:                        CPU @ 0.0GHz
BIOS CPU family:                      0
CPU family:                           23
Model:                                113
Thread(s) per core:                   1
Core(s) per socket:                   4
Socket(s):                            1
Stepping:                             0
BogoMIPS:                             5705.72
Flags:                                fpu vme de pse tsc msr pae mce cx8 apic sep mtrr pge mca cmov pat pse36 clflush mmx fxsr sse sse2 ht syscall nx mmxext fxsr_opt rdtscp lm constant_tsc rep_good nopl nonstop_tsc cpuid extd_apicid pni pclmulqdq ssse3 cx16 sse4_1 sse4_2 movbe popcnt aes rdrand lahf_lm cmp_legacy cr8_legacy abm sse4a misalignsse 3dnowprefetch cpb ssbd vmmcall fsgsbase bmi1 bmi2 rdseed adx clflushopt sha_ni arat
Hypervisor vendor:                    Innotek GmbH
Virtualization type:                  full
L1d cache:                            128 KiB (4 instances)
L1i cache:                            128 KiB (4 instances)
L2 cache:                             2 MiB (4 instances)
L3 cache:                             128 MiB (4 instances)
NUMA node(s):                         1
NUMA node0 CPU(s):                    0-3
Vulnerability Gather data sampling:   Not affected
Vulnerability Itlb multihit:          Not affected
Vulnerability L1tf:                   Not affected
Vulnerability Mds:                    Not affected
Vulnerability Meltdown:               Not affected
Vulnerability Mmio stale data:        Not affected
Vulnerability Reg file data sampling: Not affected
Vulnerability Retbleed:               Mitigation; untrained return thunk; SMT disabled
Vulnerability Spec rstack overflow:   Mitigation; safe RET, no microcode
Vulnerability Spec store bypass:      Not affected
Vulnerability Spectre v1:             Mitigation; usercopy/swapgs barriers and __user pointer sanitization
Vulnerability Spectre v2:             Mitigation; Retpolines; STIBP disabled; RSB filling; PBRSB-eIBRS Not affected; BHI Not affected
Vulnerability Srbds:                  Not affected
Vulnerability Tsx async abort:        Not affected
----------------------------------------
[2025-02-23 00:48:22] >>> Информация о памяти (free -h) <<<
----------------------------------------
               total        used        free      shared  buff/cache   available
Mem:           7.8Gi       1.8Gi       4.9Gi        38Mi       1.3Gi       5.9Gi
Swap:          974Mi          0B       974Mi
----------------------------------------
[2025-02-23 00:48:22] >>> Информация о дисках (lsblk) <<<
----------------------------------------
NAME   MAJ:MIN RM  SIZE RO TYPE MOUNTPOINTS
sda      8:0    0   20G  0 disk 
├─sda1   8:1    0   19G  0 part /
├─sda2   8:2    0    1K  0 part 
└─sda5   8:5    0  975M  0 part [SWAP]
sr0     11:0    1 57.4M  0 rom  
sr1     11:1    1 57.4M  0 rom  
----------------------------------------
[2025-02-23 00:48:22] >>> Информация о сетевых интерфейсах (ip a) <<<
----------------------------------------
1: lo: <LOOPBACK,UP,LOWER_UP> mtu 65536 qdisc noqueue state UNKNOWN group default qlen 1000
    link/loopback 00:00:00:00:00:00 brd 00:00:00:00:00:00
    inet 127.0.0.1/8 scope host lo
       valid_lft forever preferred_lft forever
    inet6 ::1/128 scope host noprefixroute 
       valid_lft forever preferred_lft forever
2: enp0s3: <BROADCAST,MULTICAST,UP,LOWER_UP> mtu 1500 qdisc fq_codel state UP group default qlen 1000
    link/ether 08:00:27:38:a5:62 brd ff:ff:ff:ff:ff:ff
    inet 10.0.2.15/24 brd 10.0.2.255 scope global dynamic noprefixroute enp0s3
       valid_lft 70756sec preferred_lft 70756sec
    inet6 fd00::f9a1:bf4d:34e0:319c/64 scope global temporary dynamic 
       valid_lft 86185sec preferred_lft 14185sec
    inet6 fd00::a00:27ff:fe38:a562/64 scope global dynamic mngtmpaddr noprefixroute 
       valid_lft 86185sec preferred_lft 14185sec
    inet6 fe80::a00:27ff:fe38:a562/64 scope link noprefixroute 
       valid_lft forever preferred_lft forever
----------------------------------------
[2025-02-23 00:48:22] ИДЕНТИФИКАЦИЯ ВИРТУАЛЬНОЙ МАШИНЫ
[2025-02-23 00:48:22] Система запущена в виртуальной машине.
[2025-02-23 00:48:22] Тип виртуализации: oracle

-----------------------------------------------------------------
[2025-02-23 00:48:22] ИДЕНТИФИКАЦИЯ/ОПИСАНИЕ ОС
[2025-02-23 00:48:22] >>> Информация о ядре (uname -a) <<<
----------------------------------------
Linux ASPIRIN 6.1.0-31-amd64 #1 SMP PREEMPT_DYNAMIC Debian 6.1.128-1 (2025-02-07) x86_64 GNU/Linux
----------------------------------------
[2025-02-23 00:48:22] >>> Информация о версии ОС (lsb_release -a) <<<
----------------------------------------
Distributor ID:   Debian
Description:   Debian GNU/Linux 12 (bookworm)
Release: 12
Codename:   bookworm
----------------------------------------

-----------------------------------------------------------------
[2025-02-23 00:48:22] НАЧАЛО ВЫПОЛНЕНИЯ ЗАДАНИЙ
[2025-02-23 00:48:22] [КОММЕНТАРИЙ] Создадим папку для тестирования
[2025-02-23 00:48:22] ВЫПОЛНЕНИЕ ЗАДАНИЯ 0
[2025-02-23 00:48:22] >>> root@ASPIRIN$ mkdir ./lb1/tests <<<
[2025-02-23 00:48:22] >>> root@ASPIRIN$ ls -l ./lb1/tests <<<
----------------------------------------
total 0
----------------------------------------
[2025-02-23 00:48:22] Время выполнения задания 0: 0 секунд.


[2025-02-23 00:48:22] ВЫПОЛНЕНИЕ ЗАДАНИЯ 1
[2025-02-23 00:48:22] >>> root@ASPIRIN$ ls -lR / 2>/dev/null | grep '^-' | head -n 1 <<<
----------------------------------------
-rw-r--r-- 1 root root   259624 Jan  2 16:31 config-6.1.0-29-amd64
----------------------------------------
[2025-02-23 00:48:22] >>> root@ASPIRIN$ ls -lR / 2>/dev/null | grep '^d' | head -n 1 <<<
----------------------------------------
drwxr-xr-x   3 root root  4096 Feb 18 15:42 boot
----------------------------------------
[2025-02-23 00:48:22] >>> root@ASPIRIN$ ls -lR / 2>/dev/null | grep '^l' | head -n 1 <<<
----------------------------------------
lrwxrwxrwx   1 root root     7 Feb 18 14:55 bin -> usr/bin
----------------------------------------
[2025-02-23 00:48:22] >>> root@ASPIRIN$ ls -lR / 2>/dev/null | grep '^s' | head -n 1 <<<
----------------------------------------
srw-rw-rw- 1 root  root  0 Feb 22 20:25 socket
----------------------------------------
[2025-02-23 00:48:26] >>> root@ASPIRIN$ ls -lR / 2>/dev/null | grep '^p' | head -n 1 <<<
----------------------------------------
prw-------  1 root              root          0 Feb 22 20:25 initctl
----------------------------------------
[2025-02-23 00:48:29] >>> root@ASPIRIN$ ls -lR / 2>/dev/null | grep '^b' | head -n 1 <<<
----------------------------------------
brw-rw----  1 root    disk      7,   0 Feb 22 20:25 loop0
----------------------------------------
[2025-02-23 00:48:33] >>> root@ASPIRIN$ ls -lR / 2>/dev/null | grep '^c' | head -n 1 <<<
----------------------------------------
crw-r--r--  1 root    root     10, 235 Feb 22 20:25 autofs
----------------------------------------
[2025-02-23 00:48:33] Время выполнения задания 1: 11 секунд.


[2025-02-23 00:48:33] ВЫПОЛНЕНИЕ ЗАДАНИЯ 1 (Скрипт)

>>> СОСТОЯНИЕ out.txt ДО ВЫПОЛНЕНИЯ СКРИПТА<<<
----------------------------------------
Файл out.txt пуст.
----------------------------------------
[2025-02-23 00:48:33] Запуск скрипта lb1/task1.sh с аргументами: out.txt
task1.sh >> Results saved in 'out.txt'.

>>> СОСТОЯНИЕ out.txt ПОСЛЕ ВЫПОЛНЕНИЯ СКРИПТА<<<
----------------------------------------
-rw-r--r-- /boot/config-6.1.0-29-amd64
brw-rw---- /dev/loop0
crw-r--r-- /dev/autofs
drwxr-xr-x /boot
lrwxrwxrwx /usr/bin
prw------- /run/initctl
srw-rw-rw- /run/avahi-daemon/socket
----------------------------------------
[2025-02-23 00:48:36] Время выполнения задания 1: 3 секунд.


[2025-02-23 00:48:36] [КОММЕНТАРИЙ] Подготовим файлы для тестов
[2025-02-23 00:48:36] ВЫПОЛНЕНИЕ ЗАДАНИЯ 2
[2025-02-23 00:48:36] >>> root@ASPIRIN$ echo 'Linked file!' > ./lb1/tests/linked_file.txt <<<
[2025-02-23 00:48:36] >>> root@ASPIRIN$ ln ./lb1/tests/linked_file.txt ./lb1/tests/hardlink_1 <<<
[2025-02-23 00:48:36] >>> root@ASPIRIN$ ln ./lb1/tests/linked_file.txt ./lb1/hardlink_2 <<<
[2025-02-23 00:48:36] >>> root@ASPIRIN$ ln ./lb1/tests/linked_file.txt ./hardlink_3 <<<
[2025-02-23 00:48:36] >>> root@ASPIRIN$ find ./ -type f -links +1  -printf "Inode: %i Path: %p\n" <<<
----------------------------------------
Inode: 915621 Path: ./hardlink_3
Inode: 915621 Path: ./lb1/tests/hardlink_1
Inode: 915621 Path: ./lb1/tests/linked_file.txt
Inode: 915621 Path: ./lb1/hardlink_2
----------------------------------------
[2025-02-23 00:48:36] Время выполнения задания 2: 0 секунд.


[2025-02-23 00:48:36] ВЫПОЛНЕНИЕ ЗАДАНИЯ 2 (Скрипт)

>>> СОСТОЯНИЕ out.txt ДО ВЫПОЛНЕНИЯ СКРИПТА<<<
----------------------------------------
Файл out.txt пуст.
----------------------------------------
[2025-02-23 00:48:36] Запуск скрипта lb1/task2.sh с аргументами: ./lb1/tests/linked_file.txt
task2.sh >> Searching for hard links to './lb1/tests/linked_file.txt' (inode: 915621, device: 2049)...
task2.sh >> Results saved in 'out.txt'.

>>> СОСТОЯНИЕ out.txt ПОСЛЕ ВЫПОЛНЕНИЯ СКРИПТА<<<
----------------------------------------
/home/lotos/Documents/os-etu/hardlink_3
/home/lotos/Documents/os-etu/lb1/hardlink_2
/home/lotos/Documents/os-etu/lb1/tests/hardlink_1
/home/lotos/Documents/os-etu/lb1/tests/linked_file.txt
----------------------------------------
[2025-02-23 00:48:36] Время выполнения задания 2: 0 секунд.


[2025-02-23 00:48:36] [КОММЕНТАРИЙ] Создадим символьные ссылки с помощью ls и cp
[2025-02-23 00:48:36] ВЫПОЛНЕНИЕ ЗАДАНИЯ 3
[2025-02-23 00:48:36] >>> root@ASPIRIN$ ln -s ./lb1/tests/linked_file.txt ./lb1/tests/symlink_ln <<<
[2025-02-23 00:48:36] >>> root@ASPIRIN$ cp -s ./lb1/tests/linked_file.txt ./symlink_cp  <<<
[2025-02-23 00:48:36] >>> root@ASPIRIN$ ls -lR ./ | grep '^l' <<<
----------------------------------------
lrwxrwxrwx 1 root  root         27 Feb 23 00:48 symlink_cp -> ./lb1/tests/linked_file.txt
lrwxrwxrwx 1 root root 27 Feb 23 00:48 symlink_ln -> ./lb1/tests/linked_file.txt
----------------------------------------
[2025-02-23 00:48:36] Время выполнения задания 3: 0 секунд.


[2025-02-23 00:48:36] ВЫПОЛНЕНИЕ ЗАДАНИЯ 3 (Скрипт)

>>> СОСТОЯНИЕ out.txt ДО ВЫПОЛНЕНИЯ СКРИПТА<<<
----------------------------------------
Файл out.txt пуст.
----------------------------------------
[2025-02-23 00:48:36] Запуск скрипта lb1/task3.sh с аргументами: ./lb1/tests/linked_file.txt
task3.sh >> Результаты сохранены в out.txt
task3.sh >> Найдено ссылок: 2

>>> СОСТОЯНИЕ out.txt ПОСЛЕ ВЫПОЛНЕНИЯ СКРИПТА<<<
----------------------------------------
lrwxrwxrwx 1 root  root         27 Feb 23 00:48 symlink_cp -> ./lb1/tests/linked_file.txt
lrwxrwxrwx 1 root root 27 Feb 23 00:48 symlink_ln -> ./lb1/tests/linked_file.txt
total 2
----------------------------------------
[2025-02-23 00:48:39] Время выполнения задания 3: 3 секунд.


[2025-02-23 00:48:39] ВЫПОЛНЕНИЕ ЗАДАНИЯ 4
[2025-02-23 00:48:39] >>> root@ASPIRIN$ ls -lRa /home/lotos | grep ' -> ' | grep './lb1/tests/linked_file.txt' <<<
----------------------------------------
lrwxrwxrwx 1 root  root         27 Feb 23 00:48 symlink_cp -> ./lb1/tests/linked_file.txt
lrwxrwxrwx 1 root  root    27 Feb 23 00:48 symlink_ln -> ./lb1/tests/linked_file.txt
----------------------------------------
[2025-02-23 00:48:40] >>> root@ASPIRIN$ find /home/lotos -type l -exec stat -c '%N' {} \; 2>/dev/null | grep './lb1/tests/linked_file.txt' <<<
----------------------------------------
'/home/lotos/Documents/os-etu/symlink_cp' -> './lb1/tests/linked_file.txt'
'/home/lotos/Documents/os-etu/lb1/tests/symlink_ln' -> './lb1/tests/linked_file.txt'
----------------------------------------
[2025-02-23 00:48:40] >>> root@ASPIRIN$ find /home/lotos -type l -lname '*linked_file.txt*' 2>/dev/null <<<
----------------------------------------
/home/lotos/Documents/os-etu/symlink_cp
/home/lotos/Documents/os-etu/lb1/tests/symlink_ln
----------------------------------------
[2025-02-23 00:48:40] >>> root@ASPIRIN$ for link in $(find /home/lotos -type l 2>/dev/null); do if readlink "$link" | grep -q './lb1/tests/linked_file.txt'; then echo "$link -> $(readlink "$link")"; fi; done <<<
----------------------------------------
/home/lotos/Documents/os-etu/symlink_cp -> ./lb1/tests/linked_file.txt
/home/lotos/Documents/os-etu/lb1/tests/symlink_ln -> ./lb1/tests/linked_file.txt
----------------------------------------
[2025-02-23 00:48:40] Время выполнения задания 4: 1 секунд.


[2025-02-23 00:48:40] ВЫПОЛНЕНИЕ ЗАДАНИЯ 5
[2025-02-23 00:48:40] >>> root@ASPIRIN$ find /home/lotos -type f 2>/dev/null | head -n 3 <<<
----------------------------------------
/home/lotos/.cache/thumbnails/large/7a66f28588239e2014dc3c4cdcbe9adf.png
/home/lotos/.cache/thumbnails/large/f31b6658876a94c65ff3dc0868b97dea.png
/home/lotos/.cache/thumbnails/large/ae3a3c719a491a04e45828df1cf576df.png
----------------------------------------
[2025-02-23 00:48:40] >>> root@ASPIRIN$ find /home/lotos -type d 2>/dev/null | head -n 3 <<<
----------------------------------------
/home/lotos
/home/lotos/.cache
/home/lotos/.cache/folks
----------------------------------------
[2025-02-23 00:48:40] >>> root@ASPIRIN$ find /home/lotos -type l 2>/dev/null | head -n 3 <<<
----------------------------------------
/home/lotos/Documents/os-etu/symlink_cp
/home/lotos/Documents/os-etu/lb1/tests/symlink_ln
/home/lotos/.face.icon
----------------------------------------
[2025-02-23 00:48:40] >>> root@ASPIRIN$ find /home/lotos -type f -mtime -7 -exec stat -c '%n %y' {} + 2>/dev/null | head -n 3 <<<
----------------------------------------
/home/lotos/.cache/thumbnails/large/7a66f28588239e2014dc3c4cdcbe9adf.png 2025-02-18 15:23:15.851444410 +0300
/home/lotos/.cache/thumbnails/large/f31b6658876a94c65ff3dc0868b97dea.png 2025-02-18 15:23:17.663412337 +0300
/home/lotos/.cache/thumbnails/large/ae3a3c719a491a04e45828df1cf576df.png 2025-02-18 15:23:27.635351549 +0300
----------------------------------------
[2025-02-23 00:48:40] >>> root@ASPIRIN$ find /home/lotos -type f -size +1M -exec ls -lh {} + 2>/dev/null | head -n 3 <<<
----------------------------------------
-rw-r--r-- 1 lotos lotos 5.8M Feb 22 23:23 /home/lotos/.cache/gnome-software/appstream/components.xmlb
-rw------- 1 lotos lotos 1.7M Feb 22 19:35 /home/lotos/.cache/gnome-software/odrs/ratings.json
-rw------- 1 lotos lotos 1.3M Feb 22 20:34 /home/lotos/.cache/gstreamer-1.0/registry.x86_64.bin
----------------------------------------
[2025-02-23 00:48:40] Время выполнения задания 5: 0 секунд.


[2025-02-23 00:48:40] [КОММЕНТАРИЙ] Рассмотрим сигнатуры разных файлов с помощью hexdump и od
[2025-02-23 00:48:40] ВЫПОЛНЕНИЕ ЗАДАНИЯ 6
[2025-02-23 00:48:40] >>> root@ASPIRIN$ find / -type f -name *.txt -exec hexdump -C {} + 2>/dev/null | head -n 5 <<<
[2025-02-23 00:48:40] >>> root@ASPIRIN$ hexdump -C  /usr/bin/ls | head -n 5 <<<
----------------------------------------
00000000  7f 45 4c 46 02 01 01 00  00 00 00 00 00 00 00 00  |.ELF............|
00000010  03 00 3e 00 01 00 00 00  d0 61 00 00 00 00 00 00  |..>......a......|
00000020  40 00 00 00 00 00 00 00  70 47 02 00 00 00 00 00  |@.......pG......|
00000030  00 00 00 00 40 00 38 00  0d 00 40 00 1f 00 1e 00  |....@.8...@.....|
00000040  06 00 00 00 04 00 00 00  40 00 00 00 00 00 00 00  |........@.......|
----------------------------------------
[2025-02-23 00:48:40] >>> root@ASPIRIN$ find / -type f -name *.png -exec hexdump -C {} + 2>/dev/null | head -n 5 <<<
----------------------------------------
00000000  89 50 4e 47 0d 0a 1a 0a  00 00 00 0d 49 48 44 52  |.PNG........IHDR|
00000010  00 00 01 00 00 00 01 00  08 06 00 00 00 5c 72 a8  |.............\r.|
00000020  66 00 00 00 04 73 42 49  54 08 08 08 08 7c 08 64  |f....sBIT....|.d|
00000030  88 00 00 00 3a 74 45 58  74 54 68 75 6d 62 3a 3a  |....:tEXtThumb::|
00000040  55 52 49 00 66 69 6c 65  3a 2f 2f 2f 75 73 72 2f  |URI.file:///usr/|
----------------------------------------
[2025-02-23 00:48:41] >>> root@ASPIRIN$ find / -type f -name *.jpg -exec od -tx1z {} + 2>/dev/null | head -n 5 <<<
----------------------------------------
0000000 ff d8 ff e1 00 28 45 78 69 66 00 00 4d 4d 00 2a  >.....(Exif..MM.*<
0000020 00 00 00 08 00 01 87 69 00 04 00 00 00 01 00 00  >.......i........<
0000040 00 1a 00 00 00 00 00 00 00 00 00 00 ff ed 00 88  >................<
0000060 50 68 6f 74 6f 73 68 6f 70 20 33 2e 30 00 38 42  >Photoshop 3.0.8B<
0000100 49 4d 04 04 00 00 00 00 00 6b 1c 01 5a 00 03 1b  >IM.......k..Z...<
----------------------------------------
[2025-02-23 00:48:41] Время выполнения задания 6: 1 секунд.


[2025-02-23 00:48:41] ВЫПОЛНЕНИЕ ЗАДАНИЯ 7 (Скрипт)
[2025-02-23 00:48:41] Запуск скрипта lb1/task7.sh с аргументами: 
task7.sh >> Размер добавляемого файла 1M
task7.sh >> Начальный размер директории: 4096 байт
task7.sh >> Добавлен file1. Размер директории: 1052672 байт
task7.sh >> Добавлен file2. Размер директории: 2101248 байт
task7.sh >> Добавлен file3. Размер директории: 3149824 байт
task7.sh >> Добавлен file4. Размер директории: 4198400 байт
task7.sh >> Добавлен file5. Размер директории: 5246976 байт
task7.sh >> Добавлен file6. Размер директории: 6295552 байт
task7.sh >> Добавлен file7. Размер директории: 7344128 байт
task7.sh >> Добавлен file8. Размер директории: 8392704 байт
task7.sh >> Добавлен file9. Размер директории: 9441280 байт
task7.sh >> Добавлен file10. Размер директории: 10489856 байт
task7.sh >> Удален file1. Размер директории: 9441280 байт
task7.sh >> Удален file2. Размер директории: 8392704 байт
task7.sh >> Удален file3. Размер директории: 7344128 байт
task7.sh >> Удален file4. Размер директории: 6295552 байт
task7.sh >> Удален file5. Размер директории: 5246976 байт
[2025-02-23 00:48:41] Время выполнения задания 7: 0 секунд.


[2025-02-23 00:48:41] ВЫПОЛНЕНИЕ ЗАДАНИЯ 8
[2025-02-23 00:48:41] >>> root@ASPIRIN$ ls -lah /etc/passwd && stat /etc/passwd && head -n 5 /etc/passwd <<<
----------------------------------------
-rw-r--r-- 1 root root 2.2K Feb 23 00:46 /etc/passwd
  File: /etc/passwd
  Size: 2252         Blocks: 8          IO Block: 4096   regular file
Device: 8,1 Inode: 132708      Links: 1
Access: (0644/-rw-r--r--)  Uid: (    0/    root)   Gid: (    0/    root)
Access: 2025-02-23 00:46:12.062799139 +0300
Modify: 2025-02-23 00:46:12.035308770 +0300
Change: 2025-02-23 00:46:12.043163161 +0300
 Birth: 2025-02-23 00:46:12.035308770 +0300
root:x:0:0:root:/root:/bin/bash
daemon:x:1:1:daemon:/usr/sbin:/usr/sbin/nologin
bin:x:2:2:bin:/bin:/usr/sbin/nologin
sys:x:3:3:sys:/dev:/usr/sbin/nologin
sync:x:4:65534:sync:/bin:/bin/sync
----------------------------------------
[2025-02-23 00:48:41] >>> root@ASPIRIN$ ls -lah /etc/shadow && stat /etc/shadow && sudo head -n 5 /etc/shadow <<<
----------------------------------------
-rw-r----- 1 root shadow 1.2K Feb 23 00:46 /etc/shadow
  File: /etc/shadow
  Size: 1213         Blocks: 8          IO Block: 4096   regular file
Device: 8,1 Inode: 132690      Links: 1
Access: (0640/-rw-r-----)  Uid: (    0/    root)   Gid: (   42/  shadow)
Access: 2025-02-23 00:46:12.483009075 +0300
Modify: 2025-02-23 00:46:12.051017552 +0300
Change: 2025-02-23 00:46:12.058871944 +0300
 Birth: 2025-02-23 00:46:12.051017552 +0300
root:$y$j9T$jYr/IHZ9klahWN19exdgJ.$lRS2/V2tsxed0PUHVp14i38qnu8vOSgAK89tWg0GR8C:20137:0:99999:7:::
daemon:*:20137:0:99999:7:::
bin:*:20137:0:99999:7:::
sys:*:20137:0:99999:7:::
sync:*:20137:0:99999:7:::
----------------------------------------
[2025-02-23 00:48:41] >>> root@ASPIRIN$ ls -lah /usr/bin/passwd && stat /usr/bin/passwd && getcap /usr/bin/passwd <<<
----------------------------------------
-rwsr-xr-x 1 root root 67K Mar 23  2023 /usr/bin/passwd
  File: /usr/bin/passwd
  Size: 68248        Blocks: 136        IO Block: 4096   regular file
Device: 8,1 Inode: 391797      Links: 1
Access: (4755/-rwsr-xr-x)  Uid: (    0/    root)   Gid: (    0/    root)
Access: 2025-02-18 14:55:28.000000000 +0300
Modify: 2023-03-23 15:40:50.000000000 +0300
Change: 2025-02-18 14:55:58.898236541 +0300
 Birth: 2025-02-18 14:55:58.154236537 +0300
----------------------------------------
[2025-02-23 00:48:41] Время выполнения задания 8: 0 секунд.


[2025-02-23 00:48:41] [КОММЕНТАРИЙ] Для 9го задания создадим тестовые файлы и пользователя
[2025-02-23 00:48:41] ВЫПОЛНЕНИЕ ЗАДАНИЯ 9
[2025-02-23 00:48:41] >>> root@ASPIRIN$ useradd -m test_user || true <<<
----------------------------------------
useradd: user 'test_user' already exists
----------------------------------------
[2025-02-23 00:48:41] >>> root@ASPIRIN$ echo 'Файл 1: содержимое' > ./lb1/tests/file1 <<<
[2025-02-23 00:48:41] >>> root@ASPIRIN$ echo 'Файл 2: содержимое' > ./lb1/tests/file2 <<<
[2025-02-23 00:48:41] >>> root@ASPIRIN$ echo 'Файл 3: содержимое' > ./lb1/tests/file3 <<<
[2025-02-23 00:48:41] >>> root@ASPIRIN$ echo 'Файл 4: содержимое' > ./lb1/tests/file4 <<<
[2025-02-23 00:48:41] >>> root@ASPIRIN$ echo 'Файл 5: содержимое' > ./lb1/tests/file5 <<<
[2025-02-23 00:48:41] >>> root@ASPIRIN$ ls -l ./lb1/tests <<<
----------------------------------------
total 28
-rw-r--r-- 1 root root 33 Feb 23 00:48 file1
-rw-r--r-- 1 root root 33 Feb 23 00:48 file2
-rw-r--r-- 1 root root 33 Feb 23 00:48 file3
-rw-r--r-- 1 root root 33 Feb 23 00:48 file4
-rw-r--r-- 1 root root 33 Feb 23 00:48 file5
-rw-r--r-- 4 root root 13 Feb 23 00:48 hardlink_1
-rw-r--r-- 4 root root 13 Feb 23 00:48 linked_file.txt
lrwxrwxrwx 1 root root 27 Feb 23 00:48 symlink_ln -> ./lb1/tests/linked_file.txt
----------------------------------------
[2025-02-23 00:48:41] Время выполнения задания 9: 0 секунд.


[2025-02-23 00:48:41] ВЫПОЛНЕНИЕ ЗАДАНИЯ 9.1
[2025-02-23 00:48:41] >>> root@ASPIRIN$ chown root:root ./lb1/tests/file1 && ls -l ./lb1/tests/file1 <<<
----------------------------------------
-rw-r--r-- 1 root root 33 Feb 23 00:48 ./lb1/tests/file1
----------------------------------------
[2025-02-23 00:48:41] >>> root@ASPIRIN$ chmod 755 ./lb1/tests/file1 && ls -l ./lb1/tests/file1 <<<
----------------------------------------
-rwxr-xr-x 1 root root 33 Feb 23 00:48 ./lb1/tests/file1
----------------------------------------
[2025-02-23 00:48:41] >>> root@ASPIRIN$ chmod 644 ./lb1/tests/file2 && ls -l ./lb1/tests/file2 <<<
----------------------------------------
-rw-r--r-- 1 root root 33 Feb 23 00:48 ./lb1/tests/file2
----------------------------------------
[2025-02-23 00:48:41] >>> root@ASPIRIN$ chmod 777 ./lb1/tests/file1 && ls -l ./lb1/tests/file1 <<<
----------------------------------------
-rwxrwxrwx 1 root root 33 Feb 23 00:48 ./lb1/tests/file1
----------------------------------------
[2025-02-23 00:48:42] >>> root@ASPIRIN$ chmod 600 ./lb1/tests/file2 && ls -l ./lb1/tests/file2 <<<
----------------------------------------
-rw------- 1 root root 33 Feb 23 00:48 ./lb1/tests/file2
----------------------------------------
[2025-02-23 00:48:42] >>> root@ASPIRIN$ chown test_user:test_user ./lb1/tests/file1 && ls -l ./lb1/tests/file1 <<<
----------------------------------------
-rwxrwxrwx 1 test_user test_user 33 Feb 23 00:48 ./lb1/tests/file1
----------------------------------------
[2025-02-23 00:48:42] >>> root@ASPIRIN$ chown root:root ./lb1/tests/file2 && ls -l ./lb1/tests/file2 <<<
----------------------------------------
-rw------- 1 root root 33 Feb 23 00:48 ./lb1/tests/file2
----------------------------------------
[2025-02-23 00:48:42] >>> root@ASPIRIN$ chmod 444 ./lb1/tests/file1 && ls -l ./lb1/tests/file1 <<<
----------------------------------------
-r--r--r-- 1 test_user test_user 33 Feb 23 00:48 ./lb1/tests/file1
----------------------------------------
[2025-02-23 00:48:42] >>> root@ASPIRIN$ chmod 400 ./lb1/tests/file2 && ls -l ./lb1/tests/file2 <<<
----------------------------------------
-r-------- 1 root root 33 Feb 23 00:48 ./lb1/tests/file2
----------------------------------------
[2025-02-23 00:48:42] >>> root@ASPIRIN$ chown root:root ./lb1/tests/file1 && ls -l ./lb1/tests/file1 <<<
----------------------------------------
-r--r--r-- 1 root root 33 Feb 23 00:48 ./lb1/tests/file1
----------------------------------------
[2025-02-23 00:48:42] Время выполнения задания 9.1: 1 секунд.


[2025-02-23 00:48:42] ВЫПОЛНЕНИЕ ЗАДАНИЯ 9.2
[2025-02-23 00:48:42] >>> root@ASPIRIN$ chmod +x ./lb1/tests/file1 && ls -l ./lb1/tests/file1 <<<
----------------------------------------
-r-xr-xr-x 1 root root 33 Feb 23 00:48 ./lb1/tests/file1
----------------------------------------
[2025-02-23 00:48:42] >>> root@ASPIRIN$ chmod u+s ./lb1/tests/file1 && ls -l ./lb1/tests/file1 <<<
----------------------------------------
-r-sr-xr-x 1 root root 33 Feb 23 00:48 ./lb1/tests/file1
----------------------------------------
[2025-02-23 00:48:42] >>> root@ASPIRIN$ chmod u-s ./lb1/tests/file1 && ls -l ./lb1/tests/file1 <<<
----------------------------------------
-r-xr-xr-x 1 root root 33 Feb 23 00:48 ./lb1/tests/file1
----------------------------------------
[2025-02-23 00:48:42] >>> root@ASPIRIN$ chmod 777 ./lb1/tests/file1 && ls -l ./lb1/tests/file1 <<<
----------------------------------------
-rwxrwxrwx 1 root root 33 Feb 23 00:48 ./lb1/tests/file1
----------------------------------------
[2025-02-23 00:48:42] >>> root@ASPIRIN$ chmod u+s ./lb1/tests/file1 && ls -l ./lb1/tests/file1 <<<
----------------------------------------
-rwsrwxrwx 1 root root 33 Feb 23 00:48 ./lb1/tests/file1
----------------------------------------
[2025-02-23 00:48:42] >>> root@ASPIRIN$ chmod u+s ./lb1/tests/file2 && ls -l ./lb1/tests/file2 <<<
----------------------------------------
-r-S------ 1 root root 33 Feb 23 00:48 ./lb1/tests/file2
----------------------------------------
[2025-02-23 00:48:42] >>> root@ASPIRIN$ chmod u-s ./lb1/tests/file2 && ls -l ./lb1/tests/file2 <<<
----------------------------------------
-r-------- 1 root root 33 Feb 23 00:48 ./lb1/tests/file2
----------------------------------------
[2025-02-23 00:48:42] >>> root@ASPIRIN$ chmod 555 ./lb1/tests/file1 && ls -l ./lb1/tests/file1 <<<
----------------------------------------
-r-xr-xr-x 1 root root 33 Feb 23 00:48 ./lb1/tests/file1
----------------------------------------
[2025-02-23 00:48:42] Время выполнения задания 9.2: 0 секунд.


[2025-02-23 00:48:42] ВЫПОЛНЕНИЕ ЗАДАНИЯ 9.3
[2025-02-23 00:48:42] >>> root@ASPIRIN$ chown root:test_user ./lb1/tests/file4 && chmod 640 ./lb1/tests/file4 && ls -l ./lb1/tests/file4 <<<
----------------------------------------
-rw-r----- 1 root test_user 33 Feb 23 00:48 ./lb1/tests/file4
----------------------------------------
[2025-02-23 00:48:42] >>> root@ASPIRIN$ chown test_user:root ./lb1/tests/file4 && chmod 600 ./lb1/tests/file4 && ls -l ./lb1/tests/file4 <<<
----------------------------------------
-rw------- 1 test_user root 33 Feb 23 00:48 ./lb1/tests/file4
----------------------------------------
[2025-02-23 00:48:42] >>> root@ASPIRIN$ sudo -u test_user cat ./lb1/tests/file4 || echo 'Доступ запрещен' <<<
----------------------------------------
Файл 4: содержимое
----------------------------------------
[2025-02-23 00:48:42] >>> root@ASPIRIN$ chmod 777 ./lb1/tests/file4 && sudo -u test_user cat ./lb1/tests/file4 <<<
----------------------------------------
Файл 4: содержимое
----------------------------------------
[2025-02-23 00:48:42] >>> root@ASPIRIN$ chmod 777 ./lb1/tests/file4 && ls -l ./lb1/tests/file4 <<<
----------------------------------------
-rwxrwxrwx 1 test_user root 33 Feb 23 00:48 ./lb1/tests/file4
----------------------------------------
[2025-02-23 00:48:42] >>> root@ASPIRIN$ chown root:test_user ./lb1/tests/file4 && chmod 640 ./lb1/tests/file4 && sudo -u test_user cat ./lb1/tests/file4 <<<
----------------------------------------
Файл 4: содержимое
----------------------------------------
[2025-02-23 00:48:42] >>> root@ASPIRIN$ chmod 777 ./lb1/tests/file4 && sudo -u test_user cat ./lb1/tests/file4 <<<
----------------------------------------
Файл 4: содержимое
----------------------------------------
[2025-02-23 00:48:42] Время выполнения задания 9.3: 0 секунд.


[2025-02-23 00:48:42] ВЫПОЛНЕНИЕ ЗАДАНИЯ 9.4
[2025-02-23 00:48:42] >>> root@ASPIRIN$ chmod 700 ./lb1/tests/file5 && sudo -u test_user cat ./lb1/tests/file5 || echo 'Доступ запрещен' <<<
----------------------------------------
cat: ./lb1/tests/file5: Permission denied
Доступ запрещен
----------------------------------------
[2025-02-23 00:48:42] >>> root@ASPIRIN$ chmod 777 ./lb1/tests/file5 && cat ./lb1/tests/file5 <<<
----------------------------------------
Файл 5: содержимое
----------------------------------------
[2025-02-23 00:48:42] >>> root@ASPIRIN$ chmod 777 ./lb1/tests/file5 && sudo -u test_user cat ./lb1/tests/file5 <<<
----------------------------------------
Файл 5: содержимое
----------------------------------------
[2025-02-23 00:48:42] >>> root@ASPIRIN$ chmod 400 ./lb1/tests/file5 && sudo -u test_user cat ./lb1/tests/file5 || echo 'Доступ запрещен' <<<
----------------------------------------
cat: ./lb1/tests/file5: Permission denied
Доступ запрещен
----------------------------------------
[2025-02-23 00:48:42] >>> root@ASPIRIN$ chmod 755 ./lb1/tests/file5 && ls -l ./lb1/tests/file5 <<<
----------------------------------------
-rwxr-xr-x 1 root root 33 Feb 23 00:48 ./lb1/tests/file5
----------------------------------------
[2025-02-23 00:48:42] >>> root@ASPIRIN$ chmod 644 ./lb1/tests/file5 && ls -l ./lb1/tests/file5 <<<
----------------------------------------
-rw-r--r-- 1 root root 33 Feb 23 00:48 ./lb1/tests/file5
----------------------------------------
[2025-02-23 00:48:42] >>> root@ASPIRIN$ chmod 777 ./lb1/tests/file5 && ls -l ./lb1/tests/file5 <<<
----------------------------------------
-rwxrwxrwx 1 root root 33 Feb 23 00:48 ./lb1/tests/file5
----------------------------------------
[2025-02-23 00:48:42] >>> root@ASPIRIN$ chmod 444 ./lb1/tests/file5 && ls -l ./lb1/tests/file5 <<<
----------------------------------------
-r--r--r-- 1 root root 33 Feb 23 00:48 ./lb1/tests/file5
----------------------------------------
[2025-02-23 00:48:43] >>> root@ASPIRIN$ chmod 600 ./lb1/tests/file5 && ls -l ./lb1/tests/file5 <<<
----------------------------------------
-rw------- 1 root root 33 Feb 23 00:48 ./lb1/tests/file5
----------------------------------------
[2025-02-23 00:48:43] >>> root@ASPIRIN$ chmod 000 ./lb1/tests/file5 && ls -l ./lb1/tests/file5 <<<
----------------------------------------
---------- 1 root root 33 Feb 23 00:48 ./lb1/tests/file5
----------------------------------------
[2025-02-23 00:48:43] Время выполнения задания 9.4: 1 секунд.


[2025-02-23 00:48:43] ВЫПОЛНЕНИЕ ЗАДАНИЯ 10 (Скрипт)
[2025-02-23 00:48:43] Запуск скрипта lb1/task10.sh с аргументами: 
task10.sh >> sudo usermod -aG testgroup user1
task10.sh >> sudo usermod -aG testgroup user2
task10.sh >> echo 'Secret data' | sudo tee ./secret.txt
task10.sh >> sudo chown user1:testgroup ./secret.txt
task10.sh >> sudo chmod 000 ./secret.txt
task10.sh >> gcc -o file_gateway ./lb1/gateway.c
task10.sh >> sudo chown root:root file_gateway
task10.sh >> sudo chmod u+s file_gateway
task10.sh >> sudo -u user1 ./file_gateway ./secret.txt
task10.sh >> Secret data
task10.sh >> sudo -u user2 ./file_gateway ./secret.txt
task10.sh >> Secret data
task10.sh >> sudo -u user3 ./file_gateway ./secret.txt
task10.sh >> Secret data
task10.sh >> Скрипт завершён успешно!
[2025-02-23 00:48:43] Время выполнения задания 10: 0 секунд.


[2025-02-23 00:48:43] ВЫПОЛНЕНИЕ ЗАДАНИЯ 11
[2025-02-23 00:48:43] >>> root@ASPIRIN$ df -h <<<
----------------------------------------
Filesystem      Size  Used Avail Use% Mounted on
udev            3.9G     0  3.9G   0% /dev
tmpfs           795M  1.3M  793M   1% /run
/dev/sda1        19G  5.7G   12G  32% /
tmpfs           3.9G  3.1M  3.9G   1% /dev/shm
tmpfs           5.0M  8.0K  5.0M   1% /run/lock
tmpfs           795M  120K  794M   1% /run/user/1000
----------------------------------------
[2025-02-23 00:48:43] >>> root@ASPIRIN$ lsblk <<<
----------------------------------------
NAME   MAJ:MIN RM  SIZE RO TYPE MOUNTPOINTS
sda      8:0    0   20G  0 disk 
├─sda1   8:1    0   19G  0 part /
├─sda2   8:2    0    1K  0 part 
└─sda5   8:5    0  975M  0 part [SWAP]
sr0     11:0    1 57.4M  0 rom  
sr1     11:1    1 57.4M  0 rom  
----------------------------------------
[2025-02-23 00:48:43] >>> root@ASPIRIN$ cat /etc/fstab <<<
----------------------------------------
# /etc/fstab: static file system information.
#
# Use 'blkid' to print the universally unique identifier for a
# device; this may be used with UUID= as a more robust way to name devices
# that works even if disks are added and removed. See fstab(5).
#
# systemd generates mount units based on this file, see systemd.mount(5).
# Please run 'systemctl daemon-reload' after making changes here.
#
# <file system> <mount point>   <type>  <options>       <dump>  <pass>
# / was on /dev/sda1 during installation
UUID=e959e83f-6d2d-4761-939a-e5f9177fad8f /               ext4    errors=remount-ro 0       1
# swap was on /dev/sda5 during installation
UUID=0cc2eaf1-e467-454d-b264-098bca0b6ece none            swap    sw              0       0
/dev/sr0        /media/cdrom0   udf,iso9660 user,noauto     0       0
/dev/sr1        /media/cdrom1   udf,iso9660 user,noauto     0       0
----------------------------------------
[2025-02-23 00:48:43] >>> root@ASPIRIN$ mount <<<
----------------------------------------
sysfs on /sys type sysfs (rw,nosuid,nodev,noexec,relatime)
proc on /proc type proc (rw,nosuid,nodev,noexec,relatime)
udev on /dev type devtmpfs (rw,nosuid,relatime,size=4036960k,nr_inodes=1009240,mode=755,inode64)
devpts on /dev/pts type devpts (rw,nosuid,noexec,relatime,gid=5,mode=620,ptmxmode=000)
tmpfs on /run type tmpfs (rw,nosuid,nodev,noexec,relatime,size=813140k,mode=755,inode64)
/dev/sda1 on / type ext4 (rw,relatime,errors=remount-ro)
securityfs on /sys/kernel/security type securityfs (rw,nosuid,nodev,noexec,relatime)
tmpfs on /dev/shm type tmpfs (rw,nosuid,nodev,inode64)
tmpfs on /run/lock type tmpfs (rw,nosuid,nodev,noexec,relatime,size=5120k,inode64)
cgroup2 on /sys/fs/cgroup type cgroup2 (rw,nosuid,nodev,noexec,relatime,nsdelegate,memory_recursiveprot)
pstore on /sys/fs/pstore type pstore (rw,nosuid,nodev,noexec,relatime)
bpf on /sys/fs/bpf type bpf (rw,nosuid,nodev,noexec,relatime,mode=700)
systemd-1 on /proc/sys/fs/binfmt_misc type autofs (rw,relatime,fd=29,pgrp=1,timeout=0,minproto=5,maxproto=5,direct,pipe_ino=1175)
hugetlbfs on /dev/hugepages type hugetlbfs (rw,relatime,pagesize=2M)
fusectl on /sys/fs/fuse/connections type fusectl (rw,nosuid,nodev,noexec,relatime)
tracefs on /sys/kernel/tracing type tracefs (rw,nosuid,nodev,noexec,relatime)
debugfs on /sys/kernel/debug type debugfs (rw,nosuid,nodev,noexec,relatime)
mqueue on /dev/mqueue type mqueue (rw,nosuid,nodev,noexec,relatime)
configfs on /sys/kernel/config type configfs (rw,nosuid,nodev,noexec,relatime)
ramfs on /run/credentials/systemd-sysusers.service type ramfs (ro,nosuid,nodev,noexec,relatime,mode=700)
ramfs on /run/credentials/systemd-sysctl.service type ramfs (ro,nosuid,nodev,noexec,relatime,mode=700)
ramfs on /run/credentials/systemd-tmpfiles-setup-dev.service type ramfs (ro,nosuid,nodev,noexec,relatime,mode=700)
ramfs on /run/credentials/systemd-tmpfiles-setup.service type ramfs (ro,nosuid,nodev,noexec,relatime,mode=700)
binfmt_misc on /proc/sys/fs/binfmt_misc type binfmt_misc (rw,nosuid,nodev,noexec,relatime)
tmpfs on /run/user/1000 type tmpfs (rw,nosuid,nodev,relatime,size=813136k,nr_inodes=203284,mode=700,uid=1000,gid=1000,inode64)
gvfsd-fuse on /run/user/1000/gvfs type fuse.gvfsd-fuse (rw,nosuid,nodev,relatime,user_id=1000,group_id=1000)
portal on /run/user/1000/doc type fuse.portal (rw,nosuid,nodev,relatime,user_id=1000,group_id=1000)
tracefs on /sys/kernel/debug/tracing type tracefs (rw,nosuid,nodev,noexec,relatime)
----------------------------------------
[2025-02-23 00:48:43] >>> root@ASPIRIN$ blkid <<<
----------------------------------------
/dev/sr0: BLOCK_SIZE="2048" UUID="2025-01-21-13-18-27-98" LABEL="VBox_GAs_7.1.6" TYPE="iso9660"
/dev/sda5: UUID="0cc2eaf1-e467-454d-b264-098bca0b6ece" TYPE="swap" PARTUUID="4c70042a-05"
/dev/sda1: UUID="e959e83f-6d2d-4761-939a-e5f9177fad8f" BLOCK_SIZE="4096" TYPE="ext4" PARTUUID="4c70042a-01"
/dev/sr1: BLOCK_SIZE="2048" UUID="2025-01-21-13-18-27-98" LABEL="VBox_GAs_7.1.6" TYPE="iso9660"
----------------------------------------
[2025-02-23 00:48:43] >>> root@ASPIRIN$ lsblk -o NAME,FSTYPE,SIZE,MOUNTPOINT <<<
----------------------------------------
NAME   FSTYPE   SIZE MOUNTPOINT
sda              20G 
├─sda1 ext4      19G /
├─sda2            1K 
└─sda5 swap     975M [SWAP]
sr0    iso9660 57.4M 
sr1    iso9660 57.4M 
----------------------------------------
[2025-02-23 00:48:43] >>> root@ASPIRIN$ cat /proc/mounts <<<
----------------------------------------
sysfs /sys sysfs rw,nosuid,nodev,noexec,relatime 0 0
proc /proc proc rw,nosuid,nodev,noexec,relatime 0 0
udev /dev devtmpfs rw,nosuid,relatime,size=4036960k,nr_inodes=1009240,mode=755,inode64 0 0
devpts /dev/pts devpts rw,nosuid,noexec,relatime,gid=5,mode=620,ptmxmode=000 0 0
tmpfs /run tmpfs rw,nosuid,nodev,noexec,relatime,size=813140k,mode=755,inode64 0 0
/dev/sda1 / ext4 rw,relatime,errors=remount-ro 0 0
securityfs /sys/kernel/security securityfs rw,nosuid,nodev,noexec,relatime 0 0
tmpfs /dev/shm tmpfs rw,nosuid,nodev,inode64 0 0
tmpfs /run/lock tmpfs rw,nosuid,nodev,noexec,relatime,size=5120k,inode64 0 0
cgroup2 /sys/fs/cgroup cgroup2 rw,nosuid,nodev,noexec,relatime,nsdelegate,memory_recursiveprot 0 0
pstore /sys/fs/pstore pstore rw,nosuid,nodev,noexec,relatime 0 0
bpf /sys/fs/bpf bpf rw,nosuid,nodev,noexec,relatime,mode=700 0 0
systemd-1 /proc/sys/fs/binfmt_misc autofs rw,relatime,fd=29,pgrp=1,timeout=0,minproto=5,maxproto=5,direct,pipe_ino=1175 0 0
hugetlbfs /dev/hugepages hugetlbfs rw,relatime,pagesize=2M 0 0
fusectl /sys/fs/fuse/connections fusectl rw,nosuid,nodev,noexec,relatime 0 0
tracefs /sys/kernel/tracing tracefs rw,nosuid,nodev,noexec,relatime 0 0
debugfs /sys/kernel/debug debugfs rw,nosuid,nodev,noexec,relatime 0 0
mqueue /dev/mqueue mqueue rw,nosuid,nodev,noexec,relatime 0 0
configfs /sys/kernel/config configfs rw,nosuid,nodev,noexec,relatime 0 0
ramfs /run/credentials/systemd-sysusers.service ramfs ro,nosuid,nodev,noexec,relatime,mode=700 0 0
ramfs /run/credentials/systemd-sysctl.service ramfs ro,nosuid,nodev,noexec,relatime,mode=700 0 0
ramfs /run/credentials/systemd-tmpfiles-setup-dev.service ramfs ro,nosuid,nodev,noexec,relatime,mode=700 0 0
ramfs /run/credentials/systemd-tmpfiles-setup.service ramfs ro,nosuid,nodev,noexec,relatime,mode=700 0 0
binfmt_misc /proc/sys/fs/binfmt_misc binfmt_misc rw,nosuid,nodev,noexec,relatime 0 0
tmpfs /run/user/1000 tmpfs rw,nosuid,nodev,relatime,size=813136k,nr_inodes=203284,mode=700,uid=1000,gid=1000,inode64 0 0
gvfsd-fuse /run/user/1000/gvfs fuse.gvfsd-fuse rw,nosuid,nodev,relatime,user_id=1000,group_id=1000 0 0
portal /run/user/1000/doc fuse.portal rw,nosuid,nodev,relatime,user_id=1000,group_id=1000 0 0
tracefs /sys/kernel/debug/tracing tracefs rw,nosuid,nodev,noexec,relatime 0 0
----------------------------------------
[2025-02-23 00:48:43] Время выполнения задания 11: 0 секунд.


[2025-02-23 00:48:43] ВЫПОЛНЕНИЕ ЗАДАНИЯ 11.1
[2025-02-23 00:48:43] >>> root@ASPIRIN$ lsblk -f <<<
----------------------------------------
NAME   FSTYPE  FSVER            LABEL          UUID                                 FSAVAIL FSUSE% MOUNTPOINTS
sda                                                                                                
├─sda1 ext4    1.0                             e959e83f-6d2d-4761-939a-e5f9177fad8f     12G    30% /
├─sda2                                                                                             
└─sda5 swap    1                               0cc2eaf1-e467-454d-b264-098bca0b6ece                [SWAP]
sr0    iso9660 Joliet Extension VBox_GAs_7.1.6 2025-01-21-13-18-27-98                              
sr1    iso9660 Joliet Extension VBox_GAs_7.1.6 2025-01-21-13-18-27-98                              
----------------------------------------
[2025-02-23 00:48:43] >>> root@ASPIRIN$ findmnt -o TARGET,SOURCE,FSTYPE <<<
----------------------------------------
TARGET                                                  SOURCE      FSTYPE
/                                                       /dev/sda1   ext4
├─/sys                                                  sysfs       sysfs
│ ├─/sys/kernel/security                                securityfs  securityfs
│ ├─/sys/fs/cgroup                                      cgroup2     cgroup2
│ ├─/sys/fs/pstore                                      pstore      pstore
│ ├─/sys/fs/bpf                                         bpf         bpf
│ ├─/sys/fs/fuse/connections                            fusectl     fusectl
│ ├─/sys/kernel/tracing                                 tracefs     tracefs
│ ├─/sys/kernel/debug                                   debugfs     debugfs
│ │ └─/sys/kernel/debug/tracing                         tracefs     tracefs
│ └─/sys/kernel/config                                  configfs    configfs
├─/proc                                                 proc        proc
│ └─/proc/sys/fs/binfmt_misc                            systemd-1   autofs
│   └─/proc/sys/fs/binfmt_misc                          binfmt_misc binfmt_misc
├─/dev                                                  udev        devtmpfs
│ ├─/dev/pts                                            devpts      devpts
│ ├─/dev/shm                                            tmpfs       tmpfs
│ ├─/dev/hugepages                                      hugetlbfs   hugetlbfs
│ └─/dev/mqueue                                         mqueue      mqueue
└─/run                                                  tmpfs       tmpfs
  ├─/run/lock                                           tmpfs       tmpfs
  ├─/run/credentials/systemd-sysusers.service           ramfs       ramfs
  ├─/run/credentials/systemd-sysctl.service             ramfs       ramfs
  ├─/run/credentials/systemd-tmpfiles-setup-dev.service ramfs       ramfs
  ├─/run/credentials/systemd-tmpfiles-setup.service     ramfs       ramfs
  └─/run/user/1000                                      tmpfs       tmpfs
    ├─/run/user/1000/gvfs                               gvfsd-fuse  fuse.gvfsd-fuse
    └─/run/user/1000/doc                                portal      fuse.portal
----------------------------------------
[2025-02-23 00:48:43] >>> root@ASPIRIN$ ls -l /dev/disk/by-uuid <<<
----------------------------------------
total 0
lrwxrwxrwx 1 root root 10 Feb 22 20:25 0cc2eaf1-e467-454d-b264-098bca0b6ece -> ../../sda5
lrwxrwxrwx 1 root root  9 Feb 22 20:25 2025-01-21-13-18-27-98 -> ../../sr1
lrwxrwxrwx 1 root root 10 Feb 22 20:25 e959e83f-6d2d-4761-939a-e5f9177fad8f -> ../../sda1
----------------------------------------
[2025-02-23 00:48:43] Время выполнения задания 11.1: 0 секунд.


[2025-02-23 00:48:43] [КОММЕНТАРИЙ] Было снято два состояния системы до и после подключения флэшки
[2025-02-23 00:48:43] ВЫПОЛНЕНИЕ ЗАДАНИЯ 11.1.3
[2025-02-23 00:48:43] >>> root@ASPIRIN$ cat lsblk_compare.txt <<<
----------------------------------------
5a6,7
> sdb      8:16   1  7.5G  0 disk 
> └─sdb1   8:17   1  7.5G  0 part /media/lotos/GRMCENXVOL_
----------------------------------------
[2025-02-23 00:48:43] >>> root@ASPIRIN$ cat mount_diff.txt <<<
----------------------------------------
28a29
> /dev/sdb1 on /media/lotos/GRMCENXVOL_ type vfat (rw,nosuid,nodev,relatime,uid=1000,gid=1000,fmask=0022,dmask=0022,codepage=437,iocharset=ascii,shortname=mixed,showexec,utf8,flush,errors=remount-ro,uhelper=udisks2)
----------------------------------------
[2025-02-23 00:48:43] >>> root@ASPIRIN$ cat mtab_diff.txt <<<
----------------------------------------
28a29
> /dev/sdb1 /media/lotos/GRMCENXVOL_ vfat rw,nosuid,nodev,relatime,uid=1000,gid=1000,fmask=0022,dmask=0022,codepage=437,iocharset=ascii,shortname=mixed,showexec,utf8,flush,errors=remount-ro 0 0
----------------------------------------
[2025-02-23 00:48:43] >>> root@ASPIRIN$ cat dmesg_diff.txt <<<
----------------------------------------
591a592,610
> [13126.420562] usb 1-1: new high-speed USB device number 2 using ehci-pci
> [13126.876884] usb 1-1: New USB device found, idVendor=0951, idProduct=1607, bcdDevice= 1.00
> [13126.876884] usb 1-1: New USB device strings: Mfr=1, Product=2, SerialNumber=3
> [13126.876884] usb 1-1: Product: DataTraveler 2.0
> [13126.876884] usb 1-1: Manufacturer: Kingston
> [13126.876884] usb 1-1: SerialNumber: 001CC0EC3466F010C7EA11F8
> [13126.924616] usb-storage 1-1:1.0: USB Mass Storage device detected
> [13126.924628] scsi host3: usb-storage 1-1:1.0
> [13126.925881] usbcore: registered new interface driver usb-storage
> [13126.933595] usbcore: registered new interface driver uas
> [13127.956511] scsi 3:0:0:0: Direct-Access     Kingston DataTraveler 2.0 1.00 PQ: 0 ANSI: 2
> [13127.956511] sd 3:0:0:0: Attached scsi generic sg3 type 0
> [13127.985825] sd 3:0:0:0: [sdb] 15636304 512-byte logical blocks: (8.01 GB/7.46 GiB)
> [13127.996252] sd 3:0:0:0: [sdb] Write Protect is off
> [13127.996252] sd 3:0:0:0: [sdb] Mode Sense: 03 00 00 00
> [13128.004999] sd 3:0:0:0: [sdb] No Caching mode page found
> [13128.004999] sd 3:0:0:0: [sdb] Assuming drive cache: write through
> [13128.098981]  sdb: sdb1
> [13128.099322] sd 3:0:0:0: [sdb] Attached SCSI removable disk
----------------------------------------
[2025-02-23 00:48:44] Время выполнения задания 11.1.3: 0 секунд.


[2025-02-23 00:48:44] ВЫПОЛНЕНИЕ ЗАДАНИЯ 11.3 (Скрипт)
[2025-02-23 00:48:44] Запуск скрипта lb1/task11.3.sh с аргументами: 
task11.3.sh >> sudo find / 2>/dev/null -type d -o -type f | awk -F/ '{ print NF-1, lb1/task11.3.sh }' | sort -n | tail -n 1
task11.3.sh >> Самый глубокий путь: 13 /sys/devices/pci0000:00/0000:00:0d.0/ata3/host2/target2:0:0/2:0:0:0/block/sda/sda5/trace/start_lba
task11.3.sh >> Создание папки с вложенностью 17 уровней...
task11.3.sh >> sudo find / 2>/dev/null -type d -o -type f | awk -F/ '{ print NF-1, lb1/task11.3.sh }' | sort -n | tail -n 1
task11.3.sh >> Самый глубокий путь: 23 /home/lotos/Documents/os-etu/lb1/tests/fld1/fld2/fld3/fld4/fld5/fld6/fld7/fld8/fld9/fld10/fld11/fld12/fld13/fld14/fld15/fld16/fld17
task11.3.sh >> sudo find / 2>/dev/null -type d -o -type f | awk '{ print length, lb1/task11.3.sh }' | sort -n | tail -n 1
task11.3.sh >> Самый длинный путь по количеству символов: 174 /sys/fs/cgroup/user.slice/user-1000.slice/user@1000.service/app.slice/app-org.gnome.Terminal.slice/vte-spawn-446d2729-63c1-416f-983a-4ca23f408ee4.scope/cgroup.subtree_control
[2025-02-23 00:48:49] Время выполнения задания 11.3: 5 секунд.


[2025-02-23 00:48:49] ВЫПОЛНЕНИЕ ЗАДАНИЯ 12
[2025-02-23 00:48:49] >>> root@ASPIRIN$ file -i /bin/bash <<<
----------------------------------------
/bin/bash: application/x-pie-executable; charset=binary
----------------------------------------
[2025-02-23 00:48:49] >>> root@ASPIRIN$ file -b /bin/bash <<<
----------------------------------------
ELF 64-bit LSB pie executable, x86-64, version 1 (SYSV), dynamically linked, interpreter /lib64/ld-linux-x86-64.so.2, BuildID[sha1]=f6101dbf7496e744703ecab8c33c2cc348805f7f, for GNU/Linux 3.2.0, stripped
----------------------------------------
[2025-02-23 00:48:49] >>> root@ASPIRIN$ file -z /etc/apt/sources.list <<<
----------------------------------------
/etc/apt/sources.list: ASCII text
----------------------------------------
[2025-02-23 00:48:49] >>> root@ASPIRIN$ file -v <<<
----------------------------------------
file-5.44
magic file from /etc/magic:/usr/share/misc/magic
----------------------------------------
[2025-02-23 00:48:49] Время выполнения задания 12: 0 секунд.


[2025-02-23 00:48:49] ВЫПОЛНЕНИЕ ЗАДАНИЯ 12.1
[2025-02-23 00:48:49] >>> root@ASPIRIN$ file /bin/bash <<<
----------------------------------------
/bin/bash: ELF 64-bit LSB pie executable, x86-64, version 1 (SYSV), dynamically linked, interpreter /lib64/ld-linux-x86-64.so.2, BuildID[sha1]=f6101dbf7496e744703ecab8c33c2cc348805f7f, for GNU/Linux 3.2.0, stripped
----------------------------------------
[2025-02-23 00:48:49] >>> root@ASPIRIN$ hexdump -n 16 -C /bin/bash <<<
----------------------------------------
00000000  7f 45 4c 46 02 01 01 00  00 00 00 00 00 00 00 00  |.ELF............|
00000010
----------------------------------------
[2025-02-23 00:48:49] >>> root@ASPIRIN$ ls -l /usr/share/mime/magic && cat /usr/share/mime/magic | head -n 10 <<<
./logger.sh: line 40: warning: command substitution: ignored null byte in input
----------------------------------------
-rw-r--r-- 1 root root 33792 Feb 18 15:12 /usr/share/mime/magic
MIME-Magic
[90:application/vnd.stardivision.writer]
>2089=
StarWriter
[90:application/x-docbook+xml]
>0=<?xml
1>0=-//OASIS//DTD DocBook XML+101
1>0=-//KDE//DTD DocBook XML+101
[90:image/x-eps]
>0=%!
----------------------------------------
[2025-02-23 00:48:49] >>> root@ASPIRIN$   <<<
[2025-02-23 00:48:49] Время выполнения задания 12.1: 0 секунд.


[2025-02-23 00:48:49] ВЫПОЛНЕНИЕ ЗАДАНИЯ 12.2
[2025-02-23 00:48:49] >>> root@ASPIRIN$ file -i /bin/bash <<<
----------------------------------------
/bin/bash: application/x-pie-executable; charset=binary
----------------------------------------
[2025-02-23 00:48:49] >>> root@ASPIRIN$ file -b /bin/bash <<<
----------------------------------------
ELF 64-bit LSB pie executable, x86-64, version 1 (SYSV), dynamically linked, interpreter /lib64/ld-linux-x86-64.so.2, BuildID[sha1]=f6101dbf7496e744703ecab8c33c2cc348805f7f, for GNU/Linux 3.2.0, stripped
----------------------------------------
[2025-02-23 00:48:49] >>> root@ASPIRIN$ file -s /dev/sda1 <<<
----------------------------------------
/dev/sda1: Linux rev 1.0 ext4 filesystem data, UUID=e959e83f-6d2d-4761-939a-e5f9177fad8f (needs journal recovery) (extents) (64bit) (large files) (huge files)
----------------------------------------
[2025-02-23 00:48:49] >>> root@ASPIRIN$ file -k /bin/bash <<<
----------------------------------------
/bin/bash: ELF 64-bit LSB pie executable, x86-64, version 1\012-  (SYSV), dynamically linked, interpreter /lib64/ld-linux-x86-64.so.2, BuildID[sha1]=f6101dbf7496e744703ecab8c33c2cc348805f7f, for GNU/Linux 3.2.0, stripped\012- data
----------------------------------------
[2025-02-23 00:48:49] >>> root@ASPIRIN$ file -L /bin/sh <<<
----------------------------------------
/bin/sh: ELF 64-bit LSB pie executable, x86-64, version 1 (SYSV), dynamically linked, interpreter /lib64/ld-linux-x86-64.so.2, BuildID[sha1]=be6397ddffc3e384c505d7deab3bed190c884df9, for GNU/Linux 3.2.0, stripped
----------------------------------------
[2025-02-23 00:48:49] Время выполнения задания 12.2: 0 секунд.


[2025-02-23 00:48:49] ВЫПОЛНЕНИЕ ЗАДАНИЯ 12.3 (Скрипт)
[2025-02-23 00:48:49] Запуск скрипта lb1/task12.3.sh с аргументами: 
task12.3.sh >> sudo tee /usr/share/misc/magic-custom
task12.3.sh >> lb1/task12.3.sh: line 22: log: command not found
task12.3.sh >> sed -i 's|export MAGIC=.*|export MAGIC=/usr/share/misc/magic:/usr/share/misc/magic-custom|' ~/.bashrc
task12.3.sh >> echo -e '\x90MYT\x0D\x0A\x1A\x0A' > example.mytype
task12.3.sh >> file example.mytype
task12.3.sh >> example.mytype: My Custom File Type
task12.3.sh >> Скрипт завершен.
[2025-02-23 00:48:49] Время выполнения задания 12.3: 0 секунд.


[2025-02-23 00:48:49] Общее время выполнения скрипта: 27 секунд.
[2025-02-23 00:48:49] Основной отчёт сохранён в файл: lab_report_2025-02-23_00-48-22.log

Script done on 2025-02-23 00:48:49+03:00 [COMMAND_EXIT_CODE="0"]